2020-03-20T17:39:30.826481+07:00 0 [Warning] TIMESTAMP with implicit DEFAULT value is deprecated. Please use --explicit_defaults_for_timestamp server option (see documentation for more details).
2020-03-20T17:39:41.407084+07:00 0 [Warning] InnoDB: New log files created, LSN=45790
2020-03-20T17:39:41.925624+07:00 0 [Warning] InnoDB: Creating foreign key constraint system tables.
2020-03-20T17:39:42.067772+07:00 0 [Warning] No existing UUID has been found, so we assume that this is the first time that this server has been started. Generating a new UUID: 1b68c1fd-6a97-11ea-b91e-0242ac120002.
2020-03-20T17:39:42.071208+07:00 0 [Warning] Gtid table is not ready to be used. Table 'mysql.gtid_executed' cannot be opened.
2020-03-20T17:39:43.983686+07:00 0 [Warning] CA certificate ca.pem is self signed.
2020-03-20T17:39:44.123533+07:00 1 [Warning] root@localhost is created with an empty password ! Please consider switching off the --initialize-insecure option.
2020-03-20T17:39:50.336564+07:00 0 [Warning] TIMESTAMP with implicit DEFAULT value is deprecated. Please use --explicit_defaults_for_timestamp server option (see documentation for more details).
2020-03-20T17:39:50.338215+07:00 0 [Note] mysqld (mysqld 5.7.29-log) starting as process 76 ...
2020-03-20T17:39:50.388748+07:00 0 [Note] InnoDB: PUNCH HOLE support available
2020-03-20T17:39:50.389326+07:00 0 [Note] InnoDB: Mutexes and rw_locks use GCC atomic builtins
2020-03-20T17:39:50.389764+07:00 0 [Note] InnoDB: Uses event mutexes
2020-03-20T17:39:50.390169+07:00 0 [Note] InnoDB: GCC builtin __atomic_thread_fence() is used for memory barrier
2020-03-20T17:39:50.390667+07:00 0 [Note] InnoDB: Compressed tables use zlib 1.2.11
2020-03-20T17:39:50.391083+07:00 0 [Note] InnoDB: Using Linux native AIO
2020-03-20T17:39:50.391983+07:00 0 [Note] InnoDB: Number of pools: 1
2020-03-20T17:39:50.392532+07:00 0 [Note] InnoDB: Using CPU crc32 instructions
2020-03-20T17:39:50.394339+07:00 0 [Note] InnoDB: Initializing buffer pool, total size = 128M, instances = 1, chunk size = 128M
2020-03-20T17:39:50.401637+07:00 0 [Note] InnoDB: Completed initialization of buffer pool
2020-03-20T17:39:50.404215+07:00 0 [Note] InnoDB: If the mysqld execution user is authorized, page cleaner thread priority can be changed. See the man page of setpriority().
2020-03-20T17:39:50.420381+07:00 0 [Note] InnoDB: Highest supported file format is Barracuda.
2020-03-20T17:39:50.447486+07:00 0 [Note] InnoDB: Creating shared tablespace for temporary tables
2020-03-20T17:39:50.461661+07:00 0 [Note] InnoDB: Setting file './ibtmp1' size to 12 MB. Physically writing the file full; Please wait ...
2020-03-20T17:39:50.840630+07:00 0 [Note] InnoDB: File './ibtmp1' size is now 12 MB.
2020-03-20T17:39:50.842090+07:00 0 [Note] InnoDB: 96 redo rollback segment(s) found. 96 redo rollback segment(s) are active.
2020-03-20T17:39:50.850982+07:00 0 [Note] InnoDB: 32 non-redo rollback segment(s) are active.
2020-03-20T17:39:50.858960+07:00 0 [Note] InnoDB: Waiting for purge to start
2020-03-20T17:39:50.920167+07:00 0 [Note] InnoDB: 5.7.29 started; log sequence number 2629932
2020-03-20T17:39:50.921277+07:00 0 [Note] Plugin 'FEDERATED' is disabled.
2020-03-20T17:39:50.921519+07:00 0 [Note] InnoDB: Loading buffer pool(s) from /var/lib/mysql/ib_buffer_pool
2020-03-20T17:39:50.927662+07:00 0 [Note] InnoDB: Buffer pool(s) load completed at 200320 17:39:50
2020-03-20T17:39:50.935764+07:00 0 [Note] Found ca.pem, server-cert.pem and server-key.pem in data directory. Trying to enable SSL support using them.
2020-03-20T17:39:50.936674+07:00 0 [Note] Skipping generation of SSL certificates as certificate files are present in data directory.
2020-03-20T17:39:50.937911+07:00 0 [Warning] CA certificate ca.pem is self signed.
2020-03-20T17:39:50.938230+07:00 0 [Note] Skipping generation of RSA key pair as key files are present in data directory.
2020-03-20T17:39:50.940774+07:00 0 [Warning] Insecure configuration for --pid-file: Location '/var/run/mysqld' in the path is accessible to all OS users. Consider choosing a different directory.
2020-03-20T17:39:50.946910+07:00 0 [Note] Event Scheduler: Loaded 0 events
2020-03-20T17:39:50.947584+07:00 0 [Note] mysqld: ready for connections.
Version: '5.7.29-log'  socket: '/var/run/mysqld/mysqld.sock'  port: 0  MySQL Community Server (GPL)
2020-03-20T17:40:00.916451+07:00 0 [Note] Giving 0 client threads a chance to die gracefully
2020-03-20T17:40:00.917027+07:00 0 [Note] Shutting down slave threads
2020-03-20T17:40:00.917253+07:00 0 [Note] Forcefully disconnecting 0 remaining clients
2020-03-20T17:40:00.917453+07:00 0 [Note] Event Scheduler: Purging the queue. 0 events
2020-03-20T17:40:00.917697+07:00 0 [Note] Binlog end
2020-03-20T17:40:00.918319+07:00 0 [Note] Shutting down plugin 'ngram'
2020-03-20T17:40:00.918527+07:00 0 [Note] Shutting down plugin 'partition'
2020-03-20T17:40:00.918718+07:00 0 [Note] Shutting down plugin 'BLACKHOLE'
2020-03-20T17:40:00.918932+07:00 0 [Note] Shutting down plugin 'ARCHIVE'
2020-03-20T17:40:00.919094+07:00 0 [Note] Shutting down plugin 'PERFORMANCE_SCHEMA'
2020-03-20T17:40:00.919287+07:00 0 [Note] Shutting down plugin 'MRG_MYISAM'
2020-03-20T17:40:00.919433+07:00 0 [Note] Shutting down plugin 'MyISAM'
2020-03-20T17:40:00.919657+07:00 0 [Note] Shutting down plugin 'INNODB_SYS_VIRTUAL'
2020-03-20T17:40:00.919848+07:00 0 [Note] Shutting down plugin 'INNODB_SYS_DATAFILES'
2020-03-20T17:40:00.920030+07:00 0 [Note] Shutting down plugin 'INNODB_SYS_TABLESPACES'
2020-03-20T17:40:00.920169+07:00 0 [Note] Shutting down plugin 'INNODB_SYS_FOREIGN_COLS'
2020-03-20T17:40:00.920328+07:00 0 [Note] Shutting down plugin 'INNODB_SYS_FOREIGN'
2020-03-20T17:40:00.920487+07:00 0 [Note] Shutting down plugin 'INNODB_SYS_FIELDS'
2020-03-20T17:40:00.920661+07:00 0 [Note] Shutting down plugin 'INNODB_SYS_COLUMNS'
2020-03-20T17:40:00.920850+07:00 0 [Note] Shutting down plugin 'INNODB_SYS_INDEXES'
2020-03-20T17:40:00.920993+07:00 0 [Note] Shutting down plugin 'INNODB_SYS_TABLESTATS'
2020-03-20T17:40:00.921158+07:00 0 [Note] Shutting down plugin 'INNODB_SYS_TABLES'
2020-03-20T17:40:00.921312+07:00 0 [Note] Shutting down plugin 'INNODB_FT_INDEX_TABLE'
2020-03-20T17:40:00.921504+07:00 0 [Note] Shutting down plugin 'INNODB_FT_INDEX_CACHE'
2020-03-20T17:40:00.921689+07:00 0 [Note] Shutting down plugin 'INNODB_FT_CONFIG'
2020-03-20T17:40:00.921968+07:00 0 [Note] Shutting down plugin 'INNODB_FT_BEING_DELETED'
2020-03-20T17:40:00.922176+07:00 0 [Note] Shutting down plugin 'INNODB_FT_DELETED'
2020-03-20T17:40:00.922381+07:00 0 [Note] Shutting down plugin 'INNODB_FT_DEFAULT_STOPWORD'
2020-03-20T17:40:00.922604+07:00 0 [Note] Shutting down plugin 'INNODB_METRICS'
2020-03-20T17:40:00.922836+07:00 0 [Note] Shutting down plugin 'INNODB_TEMP_TABLE_INFO'
2020-03-20T17:40:00.922999+07:00 0 [Note] Shutting down plugin 'INNODB_BUFFER_POOL_STATS'
2020-03-20T17:40:00.923176+07:00 0 [Note] Shutting down plugin 'INNODB_BUFFER_PAGE_LRU'
2020-03-20T17:40:00.923364+07:00 0 [Note] Shutting down plugin 'INNODB_BUFFER_PAGE'
2020-03-20T17:40:00.923556+07:00 0 [Note] Shutting down plugin 'INNODB_CMP_PER_INDEX_RESET'
2020-03-20T17:40:00.923750+07:00 0 [Note] Shutting down plugin 'INNODB_CMP_PER_INDEX'
2020-03-20T17:40:00.924017+07:00 0 [Note] Shutting down plugin 'INNODB_CMPMEM_RESET'
2020-03-20T17:40:00.924210+07:00 0 [Note] Shutting down plugin 'INNODB_CMPMEM'
2020-03-20T17:40:00.924414+07:00 0 [Note] Shutting down plugin 'INNODB_CMP_RESET'
2020-03-20T17:40:00.924613+07:00 0 [Note] Shutting down plugin 'INNODB_CMP'
2020-03-20T17:40:00.924844+07:00 0 [Note] Shutting down plugin 'INNODB_LOCK_WAITS'
2020-03-20T17:40:00.925075+07:00 0 [Note] Shutting down plugin 'INNODB_LOCKS'
2020-03-20T17:40:00.925263+07:00 0 [Note] Shutting down plugin 'INNODB_TRX'
2020-03-20T17:40:00.925471+07:00 0 [Note] Shutting down plugin 'InnoDB'
2020-03-20T17:40:00.925680+07:00 0 [Note] InnoDB: FTS optimize thread exiting.
2020-03-20T17:40:00.926036+07:00 0 [Note] InnoDB: Starting shutdown...
2020-03-20T17:40:01.027257+07:00 0 [Note] InnoDB: Dumping buffer pool(s) to /var/lib/mysql/ib_buffer_pool
2020-03-20T17:40:01.028082+07:00 0 [Note] InnoDB: Buffer pool(s) dump completed at 200320 17:40:01
2020-03-20T17:40:02.758832+07:00 0 [Note] InnoDB: Shutdown completed; log sequence number 12480689
2020-03-20T17:40:02.761538+07:00 0 [Note] InnoDB: Removed temporary tablespace data file: "ibtmp1"
2020-03-20T17:40:02.762150+07:00 0 [Note] Shutting down plugin 'MEMORY'
2020-03-20T17:40:02.762579+07:00 0 [Note] Shutting down plugin 'CSV'
2020-03-20T17:40:02.762930+07:00 0 [Note] Shutting down plugin 'sha256_password'
2020-03-20T17:40:02.763391+07:00 0 [Note] Shutting down plugin 'mysql_native_password'
2020-03-20T17:40:02.763914+07:00 0 [Note] Shutting down plugin 'binlog'
2020-03-20T17:40:02.815787+07:00 0 [Note] mysqld: Shutdown complete

2020-03-20T17:40:03.105201+07:00 0 [Warning] TIMESTAMP with implicit DEFAULT value is deprecated. Please use --explicit_defaults_for_timestamp server option (see documentation for more details).
2020-03-20T17:40:03.106472+07:00 0 [Note] mysqld (mysqld 5.7.29-log) starting as process 1 ...
2020-03-20T17:40:03.112584+07:00 0 [Note] InnoDB: PUNCH HOLE support available
2020-03-20T17:40:03.113047+07:00 0 [Note] InnoDB: Mutexes and rw_locks use GCC atomic builtins
2020-03-20T17:40:03.113401+07:00 0 [Note] InnoDB: Uses event mutexes
2020-03-20T17:40:03.113804+07:00 0 [Note] InnoDB: GCC builtin __atomic_thread_fence() is used for memory barrier
2020-03-20T17:40:03.114378+07:00 0 [Note] InnoDB: Compressed tables use zlib 1.2.11
2020-03-20T17:40:03.114723+07:00 0 [Note] InnoDB: Using Linux native AIO
2020-03-20T17:40:03.115376+07:00 0 [Note] InnoDB: Number of pools: 1
2020-03-20T17:40:03.115914+07:00 0 [Note] InnoDB: Using CPU crc32 instructions
2020-03-20T17:40:03.117580+07:00 0 [Note] InnoDB: Initializing buffer pool, total size = 128M, instances = 1, chunk size = 128M
2020-03-20T17:40:03.124256+07:00 0 [Note] InnoDB: Completed initialization of buffer pool
2020-03-20T17:40:03.126906+07:00 0 [Note] InnoDB: If the mysqld execution user is authorized, page cleaner thread priority can be changed. See the man page of setpriority().
2020-03-20T17:40:03.138779+07:00 0 [Note] InnoDB: Highest supported file format is Barracuda.
2020-03-20T17:40:03.146431+07:00 0 [Note] InnoDB: Creating shared tablespace for temporary tables
2020-03-20T17:40:03.147105+07:00 0 [Note] InnoDB: Setting file './ibtmp1' size to 12 MB. Physically writing the file full; Please wait ...
2020-03-20T17:40:03.558991+07:00 0 [Note] InnoDB: File './ibtmp1' size is now 12 MB.
2020-03-20T17:40:03.560283+07:00 0 [Note] InnoDB: 96 redo rollback segment(s) found. 96 redo rollback segment(s) are active.
2020-03-20T17:40:03.560868+07:00 0 [Note] InnoDB: 32 non-redo rollback segment(s) are active.
2020-03-20T17:40:03.561639+07:00 0 [Note] InnoDB: Waiting for purge to start
2020-03-20T17:40:03.613417+07:00 0 [Note] InnoDB: 5.7.29 started; log sequence number 12480689
2020-03-20T17:40:03.614380+07:00 0 [Note] InnoDB: Loading buffer pool(s) from /var/lib/mysql/ib_buffer_pool
2020-03-20T17:40:03.614600+07:00 0 [Note] Plugin 'FEDERATED' is disabled.
2020-03-20T17:40:03.617428+07:00 0 [Note] InnoDB: Buffer pool(s) load completed at 200320 17:40:03
2020-03-20T17:40:03.630169+07:00 0 [Note] Found ca.pem, server-cert.pem and server-key.pem in data directory. Trying to enable SSL support using them.
2020-03-20T17:40:03.630617+07:00 0 [Note] Skipping generation of SSL certificates as certificate files are present in data directory.
2020-03-20T17:40:03.631287+07:00 0 [Warning] CA certificate ca.pem is self signed.
2020-03-20T17:40:03.631669+07:00 0 [Note] Skipping generation of RSA key pair as key files are present in data directory.
2020-03-20T17:40:03.632403+07:00 0 [Note] Server hostname (bind-address): '*'; port: 3306
2020-03-20T17:40:03.632803+07:00 0 [Note] IPv6 is available.
2020-03-20T17:40:03.633100+07:00 0 [Note]   - '::' resolves to '::';
2020-03-20T17:40:03.633547+07:00 0 [Note] Server socket created on IP: '::'.
2020-03-20T17:40:03.635046+07:00 0 [Warning] Insecure configuration for --pid-file: Location '/var/run/mysqld' in the path is accessible to all OS users. Consider choosing a different directory.
2020-03-20T17:40:03.641498+07:00 0 [Note] Event Scheduler: Loaded 0 events
2020-03-20T17:40:03.642451+07:00 0 [Note] mysqld: ready for connections.
Version: '5.7.29-log'  socket: '/var/run/mysqld/mysqld.sock'  port: 3306  MySQL Community Server (GPL)
